<?xml version="1.0" encoding="utf-8"?><testsuites name="pytest tests"><testsuite name="pytest" errors="0" failures="0" skipped="0" tests="122" time="1.094" timestamp="2026-04-04T14:59:55.368382-03:00" hostname="jezuis-Aspire-A515-57"><testcase classname="tests.test_gfs_dataset.TestConstants" name="test_variables_not_empty" time="0.001" /><testcase classname="tests.test_gfs_dataset.TestConstants" name="test_surface_vars_are_subset" time="0.000" /><testcase classname="tests.test_gfs_dataset.TestConstants" name="test_multilevel_vars_are_subset" time="0.000" /><testcase classname="tests.test_gfs_dataset.TestConstants" name="test_surface_and_multilevel_disjoint" time="0.000" /><testcase classname="tests.test_gfs_dataset.TestConstants" name="test_all_vars_covered_by_subsets" time="0.000" /><testcase classname="tests.test_gfs_dataset.TestConstants" name="test_required_keys_per_variable" time="0.000" /><testcase classname="tests.test_gfs_dataset.TestConstants" name="test_surface_vars_no_multilevel_flag" time="0.000" /><testcase classname="tests.test_gfs_dataset.TestConstants" name="test_multilevel_vars_have_flag" time="0.001" /><testcase classname="tests.test_gfs_dataset.TestConstants" name="test_t2m_converter_k_to_c" time="0.001" /><testcase classname="tests.test_gfs_dataset.TestConstants" name="test_prmsl_converter_pa_to_hpa" time="0.000" /><testcase classname="tests.test_gfs_dataset.TestConstants" name="test_hours_16days_start_end" time="0.000" /><testcase classname="tests.test_gfs_dataset.TestConstants" name="test_hours_5days_1h_length" time="0.000" /><testcase classname="tests.test_gfs_dataset.TestConstants" name="test_hours_10days_3h_constant_step" time="0.000" /><testcase classname="tests.test_gfs_dataset.TestConstants" name="test_hours_16days_3h_sorted" time="0.000" /><testcase classname="tests.test_gfs_dataset.TestConstants" name="test_grib_var_prefix" time="0.001" /><testcase classname="tests.test_gfs_dataset.TestConstants" name="test_grib_lev_prefix" time="0.000" /><testcase classname="tests.test_gfs_dataset.TestBuildSession" name="test_returns_requests_session" time="0.001" /><testcase classname="tests.test_gfs_dataset.TestBuildSession" name="test_user_agent_contains_gfs_downloader" time="0.000" /><testcase classname="tests.test_gfs_dataset.TestBuildSession" name="test_https_adapter_is_http_adapter" time="0.000" /><testcase classname="tests.test_gfs_dataset.TestBuildSession" name="test_http_adapter_is_http_adapter" time="0.000" /><testcase classname="tests.test_gfs_dataset.TestInit" name="test_valid_construction_stores_attrs" time="0.005" /><testcase classname="tests.test_gfs_dataset.TestInit" name="test_output_dir_created_automatically" time="0.001" /><testcase classname="tests.test_gfs_dataset.TestInit" name="test_output_dir_always_absolute" time="0.001" /><testcase classname="tests.test_gfs_dataset.TestInit" name="test_invalid_date_format_raises" time="0.002" /><testcase classname="tests.test_gfs_dataset.TestInit" name="test_invalid_cycle_raises_with_message" time="0.001" /><testcase classname="tests.test_gfs_dataset.TestInit" name="test_all_valid_cycles_accepted[00]" time="0.001" /><testcase classname="tests.test_gfs_dataset.TestInit" name="test_all_valid_cycles_accepted[06]" time="0.001" /><testcase classname="tests.test_gfs_dataset.TestInit" name="test_all_valid_cycles_accepted[12]" time="0.001" /><testcase classname="tests.test_gfs_dataset.TestInit" name="test_all_valid_cycles_accepted[18]" time="0.001" /><testcase classname="tests.test_gfs_dataset.TestInit" name="test_region_stored" time="0.002" /><testcase classname="tests.test_gfs_dataset.TestInit" name="test_none_region_stored" time="0.001" /><testcase classname="tests.test_gfs_dataset.TestInit" name="test_run_dt_computed_correctly" time="0.001" /><testcase classname="tests.test_gfs_dataset.TestInit" name="test_default_pause_value" time="0.002" /><testcase classname="tests.test_gfs_dataset.TestInit" name="test_custom_pause_stored" time="0.001" /><testcase classname="tests.test_gfs_dataset.TestHelpers" name="test_region_params_contains_coords" time="0.001" /><testcase classname="tests.test_gfs_dataset.TestHelpers" name="test_region_params_starts_with_subregion" time="0.001" /><testcase classname="tests.test_gfs_dataset.TestHelpers" name="test_region_params_empty_for_global" time="0.001" /><testcase classname="tests.test_gfs_dataset.TestHelpers" name="test_var_params_contains_grib_tokens" time="0.001" /><testcase classname="tests.test_gfs_dataset.TestHelpers" name="test_var_params_multiple_vars" time="0.002" /><testcase classname="tests.test_gfs_dataset.TestHelpers" name="test_var_params_exact_duplicate_pair_deduplicated" time="0.001" /><testcase classname="tests.test_gfs_dataset.TestHelpers" name="test_var_params_u10_and_v10_both_var_tokens" time="0.001" /><testcase classname="tests.test_gfs_dataset.TestHelpers" name="test_var_params_starts_with_ampersand" time="0.001" /><testcase classname="tests.test_gfs_dataset.TestHelpers" name="test_filter_url_embeds_date" time="0.001" /><testcase classname="tests.test_gfs_dataset.TestHelpers" name="test_filter_url_embeds_cycle" time="0.001" /><testcase classname="tests.test_gfs_dataset.TestHelpers" name="test_filter_url_zero_pads_hour" time="0.001" /><testcase classname="tests.test_gfs_dataset.TestHelpers" name="test_filter_url_includes_subregion_when_set" time="0.001" /><testcase classname="tests.test_gfs_dataset.TestHelpers" name="test_filter_url_excludes_subregion_for_global" time="0.001" /><testcase classname="tests.test_gfs_dataset.TestHelpers" name="test_filter_url_returns_string" time="0.002" /><testcase classname="tests.test_gfs_dataset.TestHelpers" name="test_cache_path_is_absolute" time="0.001" /><testcase classname="tests.test_gfs_dataset.TestHelpers" name="test_cache_path_grib2_extension" time="0.001" /><testcase classname="tests.test_gfs_dataset.TestHelpers" name="test_cache_path_contains_date_cycle_hour" time="0.001" /><testcase classname="tests.test_gfs_dataset.TestHelpers" name="test_cache_path_regional_contains_lat_lon_values" time="0.001" /><testcase classname="tests.test_gfs_dataset.TestHelpers" name="test_cache_path_global_tag" time="0.001" /><testcase classname="tests.test_gfs_dataset.TestHelpers" name="test_cache_path_different_vars_differ" time="0.001" /><testcase classname="tests.test_gfs_dataset.TestHelpers" name="test_cache_path_different_hours_differ" time="0.001" /><testcase classname="tests.test_gfs_dataset.TestHelpers" name="test_cache_path_order_independent" time="0.001" /><testcase classname="tests.test_gfs_dataset.TestHelpers" name="test_cache_path_vkey_max_60_chars" time="0.001" /><testcase classname="tests.test_gfs_dataset.TestDownloadHours" name="test_unknown_var_raises_key_error" time="0.002" /><testcase classname="tests.test_gfs_dataset.TestDownloadHours" name="test_cache_hit_skips_get" time="0.002" /><testcase classname="tests.test_gfs_dataset.TestDownloadHours" name="test_force_bypasses_cache" time="0.003" /><testcase classname="tests.test_gfs_dataset.TestDownloadHours" name="test_success_returns_path_that_exists" time="0.002" /><testcase classname="tests.test_gfs_dataset.TestDownloadHours" name="test_http_error_omits_hour" time="0.002" /><testcase classname="tests.test_gfs_dataset.TestDownloadHours" name="test_empty_response_omits_hour" time="0.002" /><testcase classname="tests.test_gfs_dataset.TestDownloadHours" name="test_multiple_hours_all_in_result" time="0.003" /><testcase classname="tests.test_gfs_dataset.TestDownloadHours" name="test_sleep_called_once_per_hour" time="0.003" /><testcase classname="tests.test_gfs_dataset.TestDownloadHours" name="test_all_cached_no_network" time="0.001" /><testcase classname="tests.test_gfs_dataset.TestDownloadHours" name="test_network_exception_omits_hour" time="0.001" /><testcase classname="tests.test_gfs_dataset.TestDownloadHours" name="test_returns_dict" time="0.002" /><testcase classname="tests.test_gfs_dataset.TestExtract" name="test_surface_2d" time="0.006" /><testcase classname="tests.test_gfs_dataset.TestExtract" name="test_converter_applied" time="0.003" /><testcase classname="tests.test_gfs_dataset.TestExtract" name="test_multilevel_3d" time="0.003" /><testcase classname="tests.test_gfs_dataset.TestExtract" name="test_lons_normalised_to_180" time="0.007" /><testcase classname="tests.test_gfs_dataset.TestExtract" name="test_empty_dataset_returns_none" time="0.003" /><testcase classname="tests.test_gfs_dataset.TestExtract" name="test_singleton_leading_dim_stripped" time="0.004" /><testcase classname="tests.test_gfs_dataset.TestExtract" name="test_lats_lons_are_1d" time="0.003" /><testcase classname="tests.test_gfs_dataset.TestExtract" name="test_data_is_float" time="0.006" /><testcase classname="tests.test_gfs_dataset.TestExtract" name="test_no_converter_raw_value" time="0.004" /><testcase classname="tests.test_gfs_dataset.TestExtract" name="test_curvilinear_grid_collapsed" time="0.003" /><testcase classname="tests.test_gfs_dataset.TestBuildSingleVarDs" name="test_returns_dataset" time="0.006" /><testcase classname="tests.test_gfs_dataset.TestBuildSingleVarDs" name="test_time_dim_length" time="0.004" /><testcase classname="tests.test_gfs_dataset.TestBuildSingleVarDs" name="test_forecast_hour_coord" time="0.005" /><testcase classname="tests.test_gfs_dataset.TestBuildSingleVarDs" name="test_var_present_in_output" time="0.005" /><testcase classname="tests.test_gfs_dataset.TestBuildSingleVarDs" name="test_attrs_set" time="0.004" /><testcase classname="tests.test_gfs_dataset.TestBuildSingleVarDs" name="test_raises_on_all_files_fail" time="0.002" /><testcase classname="tests.test_gfs_dataset.TestBuildSingleVarDs" name="test_multilevel_level_dim" time="0.006" /><testcase classname="tests.test_gfs_dataset.TestBuildSingleVarDs" name="test_lat_lon_coords_present" time="0.004" /><testcase classname="tests.test_gfs_dataset.TestBuildDataset" name="test_calls_download_hours_with_list" time="0.001" /><testcase classname="tests.test_gfs_dataset.TestBuildDataset" name="test_raises_when_no_files" time="0.002" /><testcase classname="tests.test_gfs_dataset.TestBuildDataset" name="test_returns_dataset_on_success" time="0.005" /><testcase classname="tests.test_gfs_dataset.TestBuildDataset" name="test_force_forwarded" time="0.001" /><testcase classname="tests.test_gfs_dataset.TestBuildMultiDataset" name="test_raises_when_no_files" time="0.001" /><testcase classname="tests.test_gfs_dataset.TestBuildMultiDataset" name="test_raises_when_all_vars_fail" time="0.001" /><testcase classname="tests.test_gfs_dataset.TestBuildMultiDataset" name="test_bad_var_skipped_rest_returned" time="0.003" /><testcase classname="tests.test_gfs_dataset.TestBuildMultiDataset" name="test_all_vars_in_merged" time="0.007" /><testcase classname="tests.test_gfs_dataset.TestBuildMultiDataset" name="test_title_attr_contains_var_names" time="0.005" /><testcase classname="tests.test_gfs_dataset.TestBuildMultiDataset" name="test_download_hours_called_exactly_once" time="0.005" /><testcase classname="tests.test_gfs_dataset.TestNetCDF" name="test_save_creates_file" time="0.016" /><testcase classname="tests.test_gfs_dataset.TestNetCDF" name="test_save_returns_path" time="0.008" /><testcase classname="tests.test_gfs_dataset.TestNetCDF" name="test_relative_resolves_to_output_dir" time="0.006" /><testcase classname="tests.test_gfs_dataset.TestNetCDF" name="test_absolute_path_used_as_is" time="0.008" /><testcase classname="tests.test_gfs_dataset.TestNetCDF" name="test_roundtrip_values" time="0.021" /><testcase classname="tests.test_gfs_dataset.TestNetCDF" name="test_complevel_accepted" time="0.007" /><testcase classname="tests.test_gfs_dataset.TestNetCDF" name="test_load_netcdf_returns_dataset" time="0.011" /><testcase classname="tests.test_gfs_dataset.TestZarr" name="test_save_creates_directory" time="0.004" /><testcase classname="tests.test_gfs_dataset.TestZarr" name="test_save_returns_path" time="0.004" /><testcase classname="tests.test_gfs_dataset.TestZarr" name="test_relative_resolves_to_output_dir" time="0.003" /><testcase classname="tests.test_gfs_dataset.TestZarr" name="test_absolute_path_used_as_is" time="0.003" /><testcase classname="tests.test_gfs_dataset.TestZarr" name="test_roundtrip_values" time="0.004" /><testcase classname="tests.test_gfs_dataset.TestZarr" name="test_load_zarr_returns_dataset" time="0.004" /><testcase classname="tests.test_gfs_dataset.TestEdgeCases" name="test_del_does_not_raise" time="0.001" /><testcase classname="tests.test_gfs_dataset.TestEdgeCases" name="test_two_regions_no_cache_collision" time="0.001" /><testcase classname="tests.test_gfs_dataset.TestEdgeCases" name="test_common_surface_vars_exist[t2m]" time="0.000" /><testcase classname="tests.test_gfs_dataset.TestEdgeCases" name="test_common_surface_vars_exist[prmsl]" time="0.000" /><testcase classname="tests.test_gfs_dataset.TestEdgeCases" name="test_common_surface_vars_exist[prate]" time="0.000" /><testcase classname="tests.test_gfs_dataset.TestEdgeCases" name="test_common_surface_vars_exist[u10]" time="0.000" /><testcase classname="tests.test_gfs_dataset.TestEdgeCases" name="test_common_surface_vars_exist[v10]" time="0.000" /><testcase classname="tests.test_gfs_dataset.TestEdgeCases" name="test_common_multilevel_vars_exist[t]" time="0.000" /><testcase classname="tests.test_gfs_dataset.TestEdgeCases" name="test_common_multilevel_vars_exist[gh]" time="0.000" /><testcase classname="tests.test_gfs_dataset.TestEdgeCases" name="test_common_multilevel_vars_exist[u]" time="0.000" /><testcase classname="tests.test_gfs_dataset.TestEdgeCases" name="test_common_multilevel_vars_exist[v]" time="0.000" /><testcase classname="tests.test_gfs_dataset.TestEdgeCases" name="test_common_multilevel_vars_exist[w]" time="0.000" /><testcase classname="tests.test_gfs_dataset.TestEdgeCases" name="test_no_var_in_both_surface_and_multilevel" time="0.001" /></testsuite></testsuites>